2025-12-09 11:59:40 -08:00: Traceback (most recent call last):
2025-12-09 11:59:40 -08:00:   File "<stdin>", line 0, in <module>
2025-12-09 11:59:40 -08:00: KeyboardInterrupt
2025-12-09 12:20:36 -08:00: Traceback (most recent call last):
2025-12-09 12:20:36 -08:00:   File "/Users/kelsorj/Tachyon/pf400_gui/backend/start_server.py", line 9, in <module>
2025-12-09 12:20:36 -08:00:     import uvicorn
2025-12-09 12:20:36 -08:00: ModuleNotFoundError: No module named 'uvicorn'
2025-12-09 12:20:36 -08:00: Traceback (most recent call last):
2025-12-09 12:20:36 -08:00:   File "/Users/kelsorj/Tachyon/pf400_gui/backend/start_server.py", line 9, in <module>
2025-12-09 12:20:36 -08:00:     import uvicorn
2025-12-09 12:20:36 -08:00: ModuleNotFoundError: No module named 'uvicorn'
2025-12-09 12:20:36 -08:00: Traceback (most recent call last):
2025-12-09 12:20:36 -08:00:   File "/Users/kelsorj/Tachyon/pf400_gui/backend/start_server.py", line 9, in <module>
2025-12-09 12:20:36 -08:00:     import uvicorn
2025-12-09 12:20:36 -08:00: ModuleNotFoundError: No module named 'uvicorn'
2025-12-09 12:20:36 -08:00: Traceback (most recent call last):
2025-12-09 12:20:36 -08:00:   File "/Users/kelsorj/Tachyon/pf400_gui/backend/start_server.py", line 9, in <module>
2025-12-09 12:20:36 -08:00:     import uvicorn
2025-12-09 12:20:36 -08:00: ModuleNotFoundError: No module named 'uvicorn'
2025-12-09 12:20:36 -08:00: Traceback (most recent call last):
2025-12-09 12:20:36 -08:00:   File "/Users/kelsorj/Tachyon/pf400_gui/backend/start_server.py", line 9, in <module>
2025-12-09 12:20:36 -08:00:     import uvicorn
2025-12-09 12:20:36 -08:00: ModuleNotFoundError: No module named 'uvicorn'
2025-12-09 12:20:36 -08:00: Traceback (most recent call last):
2025-12-09 12:20:36 -08:00:   File "/Users/kelsorj/Tachyon/pf400_gui/backend/start_server.py", line 9, in <module>
2025-12-09 12:20:36 -08:00:     import uvicorn
2025-12-09 12:20:36 -08:00: ModuleNotFoundError: No module named 'uvicorn'
2025-12-09 12:20:36 -08:00: Traceback (most recent call last):
2025-12-09 12:20:36 -08:00:   File "/Users/kelsorj/Tachyon/pf400_gui/backend/start_server.py", line 9, in <module>
2025-12-09 12:20:36 -08:00:     import uvicorn
2025-12-09 12:20:36 -08:00: ModuleNotFoundError: No module named 'uvicorn'
2025-12-09 12:20:36 -08:00: Traceback (most recent call last):
2025-12-09 12:20:36 -08:00:   File "/Users/kelsorj/Tachyon/pf400_gui/backend/start_server.py", line 9, in <module>
2025-12-09 12:20:36 -08:00:     import uvicorn
2025-12-09 12:20:36 -08:00: ModuleNotFoundError: No module named 'uvicorn'
2025-12-09 12:20:36 -08:00: Traceback (most recent call last):
2025-12-09 12:20:36 -08:00:   File "/Users/kelsorj/Tachyon/pf400_gui/backend/start_server.py", line 9, in <module>
2025-12-09 12:20:36 -08:00:     import uvicorn
2025-12-09 12:20:36 -08:00: ModuleNotFoundError: No module named 'uvicorn'
2025-12-09 12:20:36 -08:00: Traceback (most recent call last):
2025-12-09 12:20:36 -08:00:   File "/Users/kelsorj/Tachyon/pf400_gui/backend/start_server.py", line 9, in <module>
2025-12-09 12:20:36 -08:00:     import uvicorn
2025-12-09 12:20:36 -08:00: ModuleNotFoundError: No module named 'uvicorn'
2025-12-09 12:20:38 -08:00: Traceback (most recent call last):
2025-12-09 12:20:38 -08:00:   File "/Users/kelsorj/Tachyon/pf400_gui/backend/start_server.py", line 29, in <module>
2025-12-09 12:20:38 -08:00:     from main import app
2025-12-09 12:20:38 -08:00:   File "/Users/kelsorj/Tachyon/pf400_gui/backend/main.py", line 21, in <module>
2025-12-09 12:20:38 -08:00:     import db as mongodb
2025-12-09 12:20:38 -08:00:   File "/Users/kelsorj/Tachyon/pf400_gui/backend/db.py", line 10, in <module>
2025-12-09 12:20:38 -08:00:     from pymongo import MongoClient
2025-12-09 12:20:38 -08:00: ModuleNotFoundError: No module named 'pymongo'
2025-12-09 12:20:38 -08:00: Traceback (most recent call last):
2025-12-09 12:20:38 -08:00:   File "/Users/kelsorj/Tachyon/pf400_gui/backend/start_server.py", line 29, in <module>
2025-12-09 12:20:38 -08:00:     from main import app
2025-12-09 12:20:38 -08:00:   File "/Users/kelsorj/Tachyon/pf400_gui/backend/main.py", line 21, in <module>
2025-12-09 12:20:38 -08:00:     import db as mongodb
2025-12-09 12:20:38 -08:00:   File "/Users/kelsorj/Tachyon/pf400_gui/backend/db.py", line 10, in <module>
2025-12-09 12:20:38 -08:00:     from pymongo import MongoClient
2025-12-09 12:20:38 -08:00: ModuleNotFoundError: No module named 'pymongo'
2025-12-09 12:20:39 -08:00: Traceback (most recent call last):
2025-12-09 12:20:39 -08:00:   File "/Users/kelsorj/Tachyon/pf400_gui/backend/start_server.py", line 29, in <module>
2025-12-09 12:20:39 -08:00:     from main import app
2025-12-09 12:20:39 -08:00:   File "/Users/kelsorj/Tachyon/pf400_gui/backend/main.py", line 21, in <module>
2025-12-09 12:20:39 -08:00:     import db as mongodb
2025-12-09 12:20:39 -08:00:   File "/Users/kelsorj/Tachyon/pf400_gui/backend/db.py", line 10, in <module>
2025-12-09 12:20:39 -08:00:     from pymongo import MongoClient
2025-12-09 12:20:39 -08:00: ModuleNotFoundError: No module named 'pymongo'
2025-12-09 12:20:39 -08:00: Traceback (most recent call last):
2025-12-09 12:20:39 -08:00:   File "/Users/kelsorj/Tachyon/pf400_gui/backend/start_server.py", line 29, in <module>
2025-12-09 12:20:39 -08:00:     from main import app
2025-12-09 12:20:39 -08:00:   File "/Users/kelsorj/Tachyon/pf400_gui/backend/main.py", line 21, in <module>
2025-12-09 12:20:39 -08:00:     import db as mongodb
2025-12-09 12:20:39 -08:00:   File "/Users/kelsorj/Tachyon/pf400_gui/backend/db.py", line 10, in <module>
2025-12-09 12:20:39 -08:00:     from pymongo import MongoClient
2025-12-09 12:20:39 -08:00: ModuleNotFoundError: No module named 'pymongo'
2025-12-09 12:20:39 -08:00: Traceback (most recent call last):
2025-12-09 12:20:39 -08:00:   File "/Users/kelsorj/Tachyon/pf400_gui/backend/start_server.py", line 29, in <module>
2025-12-09 12:20:39 -08:00:     from main import app
2025-12-09 12:20:39 -08:00:   File "/Users/kelsorj/Tachyon/pf400_gui/backend/main.py", line 1, in <module>
2025-12-09 12:20:39 -08:00:     from fastapi import FastAPI, HTTPException
2025-12-09 12:20:39 -08:00:   File "/Users/kelsorj/Tachyon/pf400_gui/backend/venv/lib/python3.14/site-packages/fastapi/__init__.py", line 7, in <module>
2025-12-09 12:20:39 -08:00:     from .applications import FastAPI as FastAPI
2025-12-09 12:20:39 -08:00:   File "/Users/kelsorj/Tachyon/pf400_gui/backend/venv/lib/python3.14/site-packages/fastapi/applications.py", line 17, in <module>
2025-12-09 12:20:39 -08:00:     from fastapi import routing
2025-12-09 12:20:39 -08:00:   File "/Users/kelsorj/Tachyon/pf400_gui/backend/venv/lib/python3.14/site-packages/fastapi/routing.py", line 27, in <module>
2025-12-09 12:20:39 -08:00:     from fastapi import params, temp_pydantic_v1_params
2025-12-09 12:20:39 -08:00:   File "/Users/kelsorj/Tachyon/pf400_gui/backend/venv/lib/python3.14/site-packages/fastapi/params.py", line 6, in <module>
2025-12-09 12:20:39 -08:00:     from fastapi.openapi.models import Example
2025-12-09 12:20:39 -08:00:   File "/Users/kelsorj/Tachyon/pf400_gui/backend/venv/lib/python3.14/site-packages/fastapi/openapi/models.py", line 4, in <module>
2025-12-09 12:20:39 -08:00:     from fastapi._compat import (
2025-12-09 12:20:39 -08:00:     ...<6 lines>...
2025-12-09 12:20:39 -08:00:     )
2025-12-09 12:20:39 -08:00:   File "/Users/kelsorj/Tachyon/pf400_gui/backend/venv/lib/python3.14/site-packages/fastapi/_compat/__init__.py", line 1, in <module>
2025-12-09 12:20:39 -08:00:     from .main import BaseConfig as BaseConfig
2025-12-09 12:20:39 -08:00:   File "/Users/kelsorj/Tachyon/pf400_gui/backend/venv/lib/python3.14/site-packages/fastapi/_compat/main.py", line 12, in <module>
2025-12-09 12:20:39 -08:00:     from fastapi._compat import may_v1
2025-12-09 12:20:39 -08:00:   File "/Users/kelsorj/Tachyon/pf400_gui/backend/venv/lib/python3.14/site-packages/fastapi/_compat/may_v1.py", line 97, in <module>
2025-12-09 12:20:39 -08:00:     RequestErrorModel: Type[BaseModel] = create_model("Request")
2025-12-09 12:20:39 -08:00:                                          ~~~~~~~~~~~~^^^^^^^^^^^
2025-12-09 12:20:39 -08:00:   File "/Users/kelsorj/Tachyon/pf400_gui/backend/venv/lib/python3.14/site-packages/pydantic/main.py", line 1809, in create_model
2025-12-09 12:20:39 -08:00:     return meta(
2025-12-09 12:20:39 -08:00:         model_name,
2025-12-09 12:20:39 -08:00:     ...<4 lines>...
2025-12-09 12:20:39 -08:00:         **kwds,
2025-12-09 12:20:39 -08:00:     )
2025-12-09 12:20:39 -08:00:   File "/Users/kelsorj/Tachyon/pf400_gui/backend/venv/lib/python3.14/site-packages/pydantic/_internal/_model_construction.py", line 255, in __new__
2025-12-09 12:20:39 -08:00:     complete_model_class(
2025-12-09 12:20:39 -08:00:     ~~~~~~~~~~~~~~~~~~~~^
2025-12-09 12:20:39 -08:00:         cls,
2025-12-09 12:20:39 -08:00:         ^^^^
2025-12-09 12:20:39 -08:00:     ...<3 lines>...
2025-12-09 12:20:39 -08:00:         create_model_module=_create_model_module,
2025-12-09 12:20:39 -08:00:         ^^^^^^^^^^^^^^^^^^^^^^^^^^^^^^^^^^^^^^^^^
2025-12-09 12:20:39 -08:00:     )
2025-12-09 12:20:39 -08:00:     ^
2025-12-09 12:20:39 -08:00:   File "/Users/kelsorj/Tachyon/pf400_gui/backend/venv/lib/python3.14/site-packages/pydantic/_internal/_model_construction.py", line 671, in complete_model_class
2025-12-09 12:20:39 -08:00:     cls.__pydantic_validator__ = create_schema_validator(
2025-12-09 12:20:39 -08:00:                                  ~~~~~~~~~~~~~~~~~~~~~~~^
2025-12-09 12:20:39 -08:00:         schema,
2025-12-09 12:20:39 -08:00:         ^^^^^^^
2025-12-09 12:20:39 -08:00:     ...<5 lines>...
2025-12-09 12:20:39 -08:00:         config_wrapper.plugin_settings,
2025-12-09 12:20:39 -08:00:         ^^^^^^^^^^^^^^^^^^^^^^^^^^^^^^^
2025-12-09 12:20:39 -08:00:     )
2025-12-09 12:20:39 -08:00:     ^
2025-12-09 12:20:39 -08:00:   File "/Users/kelsorj/Tachyon/pf400_gui/backend/venv/lib/python3.14/site-packages/pydantic/plugin/_schema_validator.py", line 39, in create_schema_validator
2025-12-09 12:20:39 -08:00:     plugins = get_plugins()
2025-12-09 12:20:39 -08:00:   File "/Users/kelsorj/Tachyon/pf400_gui/backend/venv/lib/python3.14/site-packages/pydantic/plugin/_loader.py", line 39, in get_plugins
2025-12-09 12:20:39 -08:00:     for dist in importlib_metadata.distributions():
2025-12-09 12:20:39 -08:00:                 ~~~~~~~~~~~~~~~~~~~~~~~~~~~~~~~~^^
2025-12-09 12:20:39 -08:00:   File "/opt/homebrew/Cellar/python@3.14/3.14.2/Frameworks/Python.framework/Versions/3.14/lib/python3.14/importlib/metadata/__init__.py", line 891, in <genexpr>
2025-12-09 12:20:39 -08:00:     path.search(prepared) for path in map(FastPath, paths)
2025-12-09 12:20:39 -08:00:     ~~~~~~~~~~~^^^^^^^^^^
2025-12-09 12:20:39 -08:00:   File "/opt/homebrew/Cellar/python@3.14/3.14.2/Frameworks/Python.framework/Versions/3.14/lib/python3.14/importlib/metadata/__init__.py", line 757, in search
2025-12-09 12:20:39 -08:00:     return self.lookup(self.mtime).search(name)
2025-12-09 12:20:39 -08:00:            ~~~~~~~~~~~^^^^^^^^^^^^
2025-12-09 12:20:39 -08:00:   File "/opt/homebrew/Cellar/python@3.14/3.14.2/Frameworks/Python.framework/Versions/3.14/lib/python3.14/importlib/metadata/_functools.py", line 80, in wrapper
2025-12-09 12:20:39 -08:00:     return cached_method(*args, **kwargs)
2025-12-09 12:20:39 -08:00:   File "/opt/homebrew/Cellar/python@3.14/3.14.2/Frameworks/Python.framework/Versions/3.14/lib/python3.14/importlib/metadata/__init__.py", line 767, in lookup
2025-12-09 12:20:39 -08:00:     return Lookup(self)
2025-12-09 12:20:39 -08:00:   File "/opt/homebrew/Cellar/python@3.14/3.14.2/Frameworks/Python.framework/Versions/3.14/lib/python3.14/importlib/metadata/__init__.py", line 789, in __init__
2025-12-09 12:20:39 -08:00:     for child in path.children():
2025-12-09 12:20:39 -08:00:                  ~~~~~~~~~~~~~^^
2025-12-09 12:20:39 -08:00:   File "/opt/homebrew/Cellar/python@3.14/3.14.2/Frameworks/Python.framework/Versions/3.14/lib/python3.14/importlib/metadata/__init__.py", line 744, in children
2025-12-09 12:20:39 -08:00:     return os.listdir(self.root or '.')
2025-12-09 12:20:39 -08:00:            ~~~~~~~~~~^^^^^^^^^^^^^^^^^^
2025-12-09 12:20:39 -08:00: KeyboardInterrupt
2025-12-09 12:20:39 -08:00: Traceback (most recent call last):
2025-12-09 12:20:39 -08:00:   File "/Users/kelsorj/Tachyon/pf400_gui/backend/start_server.py", line 29, in <module>
2025-12-09 12:20:39 -08:00:     from main import app
2025-12-09 12:20:39 -08:00:   File "/Users/kelsorj/Tachyon/pf400_gui/backend/main.py", line 21, in <module>
2025-12-09 12:20:39 -08:00:     import db as mongodb
2025-12-09 12:20:39 -08:00:   File "/Users/kelsorj/Tachyon/pf400_gui/backend/db.py", line 10, in <module>
2025-12-09 12:20:39 -08:00:     from pymongo import MongoClient
2025-12-09 12:20:39 -08:00: ModuleNotFoundError: No module named 'pymongo'
2025-12-09 12:20:40 -08:00: Traceback (most recent call last):
2025-12-09 12:20:40 -08:00:   File "/Users/kelsorj/Tachyon/pf400_gui/backend/start_server.py", line 29, in <module>
2025-12-09 12:20:40 -08:00:     from main import app
2025-12-09 12:20:40 -08:00:   File "/Users/kelsorj/Tachyon/pf400_gui/backend/main.py", line 21, in <module>
2025-12-09 12:20:40 -08:00:     import db as mongodb
2025-12-09 12:20:40 -08:00:   File "/Users/kelsorj/Tachyon/pf400_gui/backend/db.py", line 10, in <module>
2025-12-09 12:20:40 -08:00:     from pymongo import MongoClient
2025-12-09 12:20:40 -08:00: ModuleNotFoundError: No module named 'pymongo'
2025-12-09 12:20:40 -08:00: Traceback (most recent call last):
2025-12-09 12:20:40 -08:00:   File "/Users/kelsorj/Tachyon/pf400_gui/backend/start_server.py", line 29, in <module>
2025-12-09 12:20:40 -08:00:     from main import app
2025-12-09 12:20:40 -08:00:   File "/Users/kelsorj/Tachyon/pf400_gui/backend/main.py", line 21, in <module>
2025-12-09 12:20:40 -08:00:     import db as mongodb
2025-12-09 12:20:40 -08:00:   File "/Users/kelsorj/Tachyon/pf400_gui/backend/db.py", line 10, in <module>
2025-12-09 12:20:40 -08:00:     from pymongo import MongoClient
2025-12-09 12:20:40 -08:00: ModuleNotFoundError: No module named 'pymongo'
2025-12-09 12:20:40 -08:00: Traceback (most recent call last):
2025-12-09 12:20:40 -08:00:   File "/Users/kelsorj/Tachyon/pf400_gui/backend/start_server.py", line 29, in <module>
2025-12-09 12:20:40 -08:00:     from main import app
2025-12-09 12:20:40 -08:00:   File "/Users/kelsorj/Tachyon/pf400_gui/backend/main.py", line 21, in <module>
2025-12-09 12:20:40 -08:00:     import db as mongodb
2025-12-09 12:20:40 -08:00:   File "/Users/kelsorj/Tachyon/pf400_gui/backend/db.py", line 10, in <module>
2025-12-09 12:20:40 -08:00:     from pymongo import MongoClient
2025-12-09 12:20:40 -08:00: ModuleNotFoundError: No module named 'pymongo'
2025-12-09 12:20:40 -08:00: Fatal Python error: init_import_site: Failed to import the site module
2025-12-09 12:20:40 -08:00: Python runtime state: initialized
2025-12-09 12:20:40 -08:00: Traceback (most recent call last):
2025-12-09 12:20:40 -08:00:   File "<frozen importlib._bootstrap>", line 1371, in _find_and_load
2025-12-09 12:20:40 -08:00:   File "<frozen importlib._bootstrap>", line 1342, in _find_and_load_unlocked
2025-12-09 12:20:40 -08:00:   File "<frozen importlib._bootstrap>", line 938, in _load_unlocked
2025-12-09 12:20:40 -08:00:   File "<frozen importlib._bootstrap>", line 1179, in exec_module
2025-12-09 12:20:40 -08:00:   File "<frozen site>", line 73, in <module>
2025-12-09 12:20:40 -08:00:   File "<frozen importlib._bootstrap>", line 1371, in _find_and_load
2025-12-09 12:20:40 -08:00:   File "<frozen importlib._bootstrap>", line 1342, in _find_and_load_unlocked
2025-12-09 12:20:40 -08:00:   File "<frozen importlib._bootstrap>", line 938, in _load_unlocked
2025-12-09 12:20:40 -08:00:   File "<frozen importlib._bootstrap>", line 1179, in exec_module
2025-12-09 12:20:40 -08:00:   File "<frozen os>", line 961, in <module>
2025-12-09 12:20:40 -08:00: KeyboardInterrupt
2025-12-09 12:20:40 -08:00: Traceback (most recent call last):
2025-12-09 12:20:40 -08:00:   File "/Users/kelsorj/Tachyon/pf400_gui/backend/start_server.py", line 29, in <module>
2025-12-09 12:20:40 -08:00:     from main import app
2025-12-09 12:20:40 -08:00:   File "/Users/kelsorj/Tachyon/pf400_gui/backend/main.py", line 21, in <module>
2025-12-09 12:20:40 -08:00:     import db as mongodb
2025-12-09 12:20:40 -08:00:   File "/Users/kelsorj/Tachyon/pf400_gui/backend/db.py", line 10, in <module>
2025-12-09 12:20:40 -08:00:     from pymongo import MongoClient
2025-12-09 12:20:40 -08:00: ModuleNotFoundError: No module named 'pymongo'
2025-12-09 12:20:40 -08:00: Traceback (most recent call last):
2025-12-09 12:20:40 -08:00:   File "/Users/kelsorj/Tachyon/pf400_gui/backend/start_server.py", line 29, in <module>
2025-12-09 12:20:40 -08:00:     from main import app
2025-12-09 12:20:40 -08:00:   File "/Users/kelsorj/Tachyon/pf400_gui/backend/main.py", line 21, in <module>
2025-12-09 12:20:40 -08:00:     import db as mongodb
2025-12-09 12:20:40 -08:00:   File "/Users/kelsorj/Tachyon/pf400_gui/backend/db.py", line 10, in <module>
2025-12-09 12:20:40 -08:00:     from pymongo import MongoClient
2025-12-09 12:20:40 -08:00: ModuleNotFoundError: No module named 'pymongo'
2025-12-09 12:20:41 -08:00: Traceback (most recent call last):
2025-12-09 12:20:41 -08:00:   File "/Users/kelsorj/Tachyon/pf400_gui/backend/start_server.py", line 29, in <module>
2025-12-09 12:20:41 -08:00:     from main import app
2025-12-09 12:20:41 -08:00:   File "/Users/kelsorj/Tachyon/pf400_gui/backend/main.py", line 21, in <module>
2025-12-09 12:20:41 -08:00:     import db as mongodb
2025-12-09 12:20:41 -08:00:   File "/Users/kelsorj/Tachyon/pf400_gui/backend/db.py", line 10, in <module>
2025-12-09 12:20:41 -08:00:     from pymongo import MongoClient
2025-12-09 12:20:41 -08:00: ModuleNotFoundError: No module named 'pymongo'
2025-12-09 12:20:41 -08:00: Traceback (most recent call last):
2025-12-09 12:20:41 -08:00:   File "/Users/kelsorj/Tachyon/pf400_gui/backend/start_server.py", line 29, in <module>
2025-12-09 12:20:41 -08:00:     from main import app
2025-12-09 12:20:41 -08:00:   File "/Users/kelsorj/Tachyon/pf400_gui/backend/main.py", line 21, in <module>
2025-12-09 12:20:41 -08:00:     import db as mongodb
2025-12-09 12:20:41 -08:00:   File "/Users/kelsorj/Tachyon/pf400_gui/backend/db.py", line 10, in <module>
2025-12-09 12:20:41 -08:00:     from pymongo import MongoClient
2025-12-09 12:20:41 -08:00: ModuleNotFoundError: No module named 'pymongo'
2025-12-09 12:20:41 -08:00: Traceback (most recent call last):
2025-12-09 12:20:41 -08:00:   File "/Users/kelsorj/Tachyon/pf400_gui/backend/start_server.py", line 29, in <module>
2025-12-09 12:20:41 -08:00:     from main import app
2025-12-09 12:20:41 -08:00:   File "/Users/kelsorj/Tachyon/pf400_gui/backend/main.py", line 21, in <module>
2025-12-09 12:20:41 -08:00:     import db as mongodb
2025-12-09 12:20:41 -08:00:   File "/Users/kelsorj/Tachyon/pf400_gui/backend/db.py", line 10, in <module>
2025-12-09 12:20:41 -08:00:     from pymongo import MongoClient
2025-12-09 12:20:41 -08:00: ModuleNotFoundError: No module named 'pymongo'
2025-12-09 12:20:41 -08:00: Traceback (most recent call last):
2025-12-09 12:20:41 -08:00:   File "/Users/kelsorj/Tachyon/pf400_gui/backend/start_server.py", line 29, in <module>
2025-12-09 12:20:41 -08:00:     from main import app
2025-12-09 12:20:41 -08:00:   File "/Users/kelsorj/Tachyon/pf400_gui/backend/main.py", line 21, in <module>
2025-12-09 12:20:41 -08:00:     import db as mongodb
2025-12-09 12:20:41 -08:00:   File "/Users/kelsorj/Tachyon/pf400_gui/backend/db.py", line 10, in <module>
2025-12-09 12:20:41 -08:00:     from pymongo import MongoClient
2025-12-09 12:20:41 -08:00: ModuleNotFoundError: No module named 'pymongo'
2025-12-09 12:20:41 -08:00: Traceback (most recent call last):
2025-12-09 12:20:41 -08:00:   File "/Users/kelsorj/Tachyon/pf400_gui/backend/start_server.py", line 29, in <module>
2025-12-09 12:20:41 -08:00:     from main import app
2025-12-09 12:20:41 -08:00:   File "/Users/kelsorj/Tachyon/pf400_gui/backend/main.py", line 21, in <module>
2025-12-09 12:20:41 -08:00:     import db as mongodb
2025-12-09 12:20:41 -08:00:   File "/Users/kelsorj/Tachyon/pf400_gui/backend/db.py", line 10, in <module>
2025-12-09 12:20:41 -08:00:     from pymongo import MongoClient
2025-12-09 12:20:41 -08:00: ModuleNotFoundError: No module named 'pymongo'
2025-12-09 12:20:41 -08:00: Traceback (most recent call last):
2025-12-09 12:20:41 -08:00:   File "/Users/kelsorj/Tachyon/pf400_gui/backend/start_server.py", line 29, in <module>
2025-12-09 12:20:41 -08:00:     from main import app
2025-12-09 12:20:41 -08:00:   File "/Users/kelsorj/Tachyon/pf400_gui/backend/main.py", line 21, in <module>
2025-12-09 12:20:41 -08:00:     import db as mongodb
2025-12-09 12:20:41 -08:00:   File "/Users/kelsorj/Tachyon/pf400_gui/backend/db.py", line 10, in <module>
2025-12-09 12:20:41 -08:00:     from pymongo import MongoClient
2025-12-09 12:20:41 -08:00: ModuleNotFoundError: No module named 'pymongo'
2025-12-09 12:20:41 -08:00: Traceback (most recent call last):
2025-12-09 12:20:41 -08:00:   File "/Users/kelsorj/Tachyon/pf400_gui/backend/start_server.py", line 29, in <module>
2025-12-09 12:20:41 -08:00:     from main import app
2025-12-09 12:20:41 -08:00:   File "/Users/kelsorj/Tachyon/pf400_gui/backend/main.py", line 21, in <module>
2025-12-09 12:20:41 -08:00:     import db as mongodb
2025-12-09 12:20:41 -08:00:   File "/Users/kelsorj/Tachyon/pf400_gui/backend/db.py", line 10, in <module>
2025-12-09 12:20:41 -08:00:     from pymongo import MongoClient
2025-12-09 12:20:41 -08:00: ModuleNotFoundError: No module named 'pymongo'
2025-12-09 12:20:53 -08:00: Traceback (most recent call last):
2025-12-09 12:20:53 -08:00:   File "/Users/kelsorj/Tachyon/pf400_gui/backend/start_server.py", line 29, in <module>
2025-12-09 12:20:53 -08:00:     from main import app
2025-12-09 12:20:53 -08:00:   File "/Users/kelsorj/Tachyon/pf400_gui/backend/main.py", line 21, in <module>
2025-12-09 12:20:53 -08:00:     import db as mongodb
2025-12-09 12:20:53 -08:00:   File "/Users/kelsorj/Tachyon/pf400_gui/backend/db.py", line 10, in <module>
2025-12-09 12:20:53 -08:00:     from pymongo import MongoClient
2025-12-09 12:20:53 -08:00:   File "/Users/kelsorj/Tachyon/pf400_gui/backend/venv/lib/python3.14/site-packages/pymongo/__init__.py", line 91, in <module>
2025-12-09 12:20:53 -08:00:     from pymongo.asynchronous.mongo_client import AsyncMongoClient
2025-12-09 12:20:53 -08:00:   File "/Users/kelsorj/Tachyon/pf400_gui/backend/venv/lib/python3.14/site-packages/pymongo/asynchronous/mongo_client.py", line 65, in <module>
2025-12-09 12:20:53 -08:00:     from pymongo.asynchronous import client_session, database, uri_parser
2025-12-09 12:20:53 -08:00:   File "/Users/kelsorj/Tachyon/pf400_gui/backend/venv/lib/python3.14/site-packages/pymongo/asynchronous/client_session.py", line 160, in <module>
2025-12-09 12:20:53 -08:00:     from pymongo.asynchronous.cursor import _ConnectionManager
2025-12-09 12:20:53 -08:00:   File "/Users/kelsorj/Tachyon/pf400_gui/backend/venv/lib/python3.14/site-packages/pymongo/asynchronous/cursor.py", line 49, in <module>
2025-12-09 12:20:53 -08:00:     from pymongo.message import (
2025-12-09 12:20:53 -08:00:     ...<7 lines>...
2025-12-09 12:20:53 -08:00:     )
2025-12-09 12:20:53 -08:00:   File "/Users/kelsorj/Tachyon/pf400_gui/backend/venv/lib/python3.14/site-packages/pymongo/message.py", line 53, in <module>
2025-12-09 12:20:53 -08:00:     from pymongo import _cmessage  # type: ignore[attr-defined]
2025-12-09 12:20:53 -08:00:     ^^^^^^^^^^^^^^^^^^^^^^^^^^^^^
2025-12-09 12:20:53 -08:00: KeyboardInterrupt
2025-12-09 12:20:53 -08:00: INFO:     Started server process [24535]
2025-12-09 12:20:53 -08:00: INFO:     Waiting for application startup.
2025-12-09 12:20:53 -08:00: INFO:     Application startup complete.
2025-12-09 12:20:53 -08:00: INFO:     Uvicorn running on http://0.0.0.0:3061 (Press CTRL+C to quit)
2025-12-09 12:21:26 -08:00: INFO:     Shutting down
2025-12-09 12:21:26 -08:00: INFO:     Waiting for application shutdown.
2025-12-09 12:21:26 -08:00: INFO:     Application shutdown complete.
2025-12-09 12:21:26 -08:00: INFO:     Finished server process [24535]
2025-12-09 12:21:27 -08:00: INFO:     Started server process [24682]
2025-12-09 12:21:27 -08:00: INFO:     Waiting for application startup.
2025-12-09 12:21:27 -08:00: INFO:     Application startup complete.
2025-12-09 12:21:27 -08:00: INFO:     Uvicorn running on http://0.0.0.0:3061 (Press CTRL+C to quit)
2025-12-09 12:21:39 -08:00: INFO:     Shutting down
2025-12-09 12:21:39 -08:00: INFO:     Waiting for application shutdown.
2025-12-09 12:21:39 -08:00: INFO:     Application shutdown complete.
2025-12-09 12:21:39 -08:00: INFO:     Finished server process [24682]
2025-12-09 12:21:40 -08:00: INFO:     Started server process [24712]
2025-12-09 12:21:40 -08:00: INFO:     Waiting for application startup.
2025-12-09 12:21:40 -08:00: INFO:     Application startup complete.
2025-12-09 12:21:40 -08:00: INFO:     Uvicorn running on http://0.0.0.0:3061 (Press CTRL+C to quit)
2025-12-09 12:22:56 -08:00: INFO:     Shutting down
2025-12-09 12:22:56 -08:00: INFO:     Waiting for application shutdown.
2025-12-09 12:22:56 -08:00: INFO:     Application shutdown complete.
2025-12-09 12:22:56 -08:00: INFO:     Finished server process [24712]
2025-12-09 12:22:57 -08:00: INFO:     Started server process [24870]
2025-12-09 12:22:57 -08:00: INFO:     Waiting for application startup.
2025-12-09 12:22:57 -08:00: INFO:     Application startup complete.
2025-12-09 12:22:57 -08:00: INFO:     Uvicorn running on http://0.0.0.0:3061 (Press CTRL+C to quit)
2025-12-09 12:22:57 -08:00: INFO:     Shutting down
2025-12-09 12:22:57 -08:00: INFO:     Waiting for application shutdown.
2025-12-09 12:22:57 -08:00: INFO:     Application shutdown complete.
2025-12-09 12:22:57 -08:00: INFO:     Finished server process [24870]
2025-12-09 12:22:58 -08:00: INFO:     Started server process [24895]
2025-12-09 12:22:58 -08:00: INFO:     Waiting for application startup.
2025-12-09 12:22:58 -08:00: INFO:     Application startup complete.
2025-12-09 12:22:58 -08:00: INFO:     Uvicorn running on http://0.0.0.0:3061 (Press CTRL+C to quit)
2025-12-09 12:22:58 -08:00: INFO:     Shutting down
2025-12-09 12:22:58 -08:00: INFO:     Waiting for application shutdown.
2025-12-09 12:22:58 -08:00: INFO:     Application shutdown complete.
2025-12-09 12:22:58 -08:00: INFO:     Finished server process [24895]
2025-12-09 12:22:58 -08:00: INFO:     Started server process [24914]
2025-12-09 12:22:58 -08:00: INFO:     Waiting for application startup.
2025-12-09 12:22:58 -08:00: INFO:     Application startup complete.
2025-12-09 12:22:58 -08:00: INFO:     Uvicorn running on http://0.0.0.0:3061 (Press CTRL+C to quit)
2025-12-09 12:23:17 -08:00: INFO:     Shutting down
2025-12-09 12:23:17 -08:00: INFO:     Waiting for application shutdown.
2025-12-09 12:23:17 -08:00: INFO:     Application shutdown complete.
2025-12-09 12:23:17 -08:00: INFO:     Finished server process [24914]
2025-12-09 12:23:17 -08:00: INFO:     Started server process [24993]
2025-12-09 12:23:17 -08:00: INFO:     Waiting for application startup.
2025-12-09 12:23:17 -08:00: INFO:     Application startup complete.
2025-12-09 12:23:17 -08:00: INFO:     Uvicorn running on http://0.0.0.0:3061 (Press CTRL+C to quit)
2025-12-09 12:23:18 -08:00: INFO:     Shutting down
2025-12-09 12:23:19 -08:00: INFO:     Waiting for application shutdown.
2025-12-09 12:23:19 -08:00: INFO:     Application shutdown complete.
2025-12-09 12:23:19 -08:00: INFO:     Finished server process [24993]
2025-12-09 12:23:19 -08:00: INFO:     Started server process [25013]
2025-12-09 12:23:19 -08:00: INFO:     Waiting for application startup.
2025-12-09 12:23:19 -08:00: INFO:     Application startup complete.
2025-12-09 12:23:19 -08:00: INFO:     Uvicorn running on http://0.0.0.0:3061 (Press CTRL+C to quit)
2025-12-09 12:23:25 -08:00: INFO:     Shutting down
2025-12-09 12:23:25 -08:00: INFO:     Waiting for application shutdown.
2025-12-09 12:23:25 -08:00: INFO:     Application shutdown complete.
2025-12-09 12:23:25 -08:00: INFO:     Finished server process [25013]
2025-12-09 12:23:25 -08:00: INFO:     Started server process [25084]
2025-12-09 12:23:25 -08:00: INFO:     Waiting for application startup.
2025-12-09 12:23:25 -08:00: INFO:     Application startup complete.
2025-12-09 12:23:25 -08:00: INFO:     Uvicorn running on http://0.0.0.0:3061 (Press CTRL+C to quit)
2025-12-09 12:23:46 -08:00: INFO:     Shutting down
2025-12-09 12:23:46 -08:00: INFO:     Waiting for application shutdown.
2025-12-09 12:23:46 -08:00: INFO:     Application shutdown complete.
2025-12-09 12:23:46 -08:00: INFO:     Finished server process [25084]
2025-12-09 12:23:46 -08:00: INFO:     Started server process [25179]
2025-12-09 12:23:46 -08:00: INFO:     Waiting for application startup.
2025-12-09 12:23:47 -08:00: INFO:     Application startup complete.
2025-12-09 12:23:47 -08:00: INFO:     Uvicorn running on http://0.0.0.0:3061 (Press CTRL+C to quit)
2025-12-09 12:23:47 -08:00: INFO:     Shutting down
2025-12-09 12:23:47 -08:00: INFO:     Waiting for application shutdown.
2025-12-09 12:23:47 -08:00: INFO:     Application shutdown complete.
2025-12-09 12:23:47 -08:00: INFO:     Finished server process [25179]
2025-12-09 12:23:47 -08:00: INFO:     Started server process [25199]
2025-12-09 12:23:47 -08:00: INFO:     Waiting for application startup.
2025-12-09 12:23:48 -08:00: INFO:     Application startup complete.
2025-12-09 12:23:48 -08:00: INFO:     Uvicorn running on http://0.0.0.0:3061 (Press CTRL+C to quit)
2025-12-09 12:23:56 -08:00: INFO:     Shutting down
2025-12-09 12:23:56 -08:00: INFO:     Waiting for application shutdown.
2025-12-09 12:23:56 -08:00: INFO:     Application shutdown complete.
2025-12-09 12:23:56 -08:00: INFO:     Finished server process [25199]
2025-12-09 12:23:56 -08:00: INFO:     Started server process [25257]
2025-12-09 12:23:56 -08:00: INFO:     Waiting for application startup.
2025-12-09 12:23:57 -08:00: INFO:     Application startup complete.
2025-12-09 12:23:57 -08:00: INFO:     Uvicorn running on http://0.0.0.0:3061 (Press CTRL+C to quit)
2025-12-09 12:24:08 -08:00: INFO:     Shutting down
2025-12-09 12:24:08 -08:00: INFO:     Waiting for application shutdown.
2025-12-09 12:24:08 -08:00: INFO:     Application shutdown complete.
2025-12-09 12:24:08 -08:00: INFO:     Finished server process [25257]
2025-12-09 12:24:08 -08:00: INFO:     Started server process [25345]
2025-12-09 12:24:08 -08:00: INFO:     Waiting for application startup.
2025-12-09 12:24:09 -08:00: INFO:     Application startup complete.
2025-12-09 12:24:09 -08:00: INFO:     Uvicorn running on http://0.0.0.0:3061 (Press CTRL+C to quit)
2025-12-09 12:24:15 -08:00: INFO:     Shutting down
2025-12-09 12:24:15 -08:00: INFO:     Waiting for application shutdown.
2025-12-09 12:24:15 -08:00: INFO:     Application shutdown complete.
2025-12-09 12:24:15 -08:00: INFO:     Finished server process [25345]
2025-12-09 12:24:16 -08:00: INFO:     Started server process [25365]
2025-12-09 12:24:16 -08:00: INFO:     Waiting for application startup.
2025-12-09 12:24:16 -08:00: INFO:     Application startup complete.
2025-12-09 12:24:16 -08:00: INFO:     Uvicorn running on http://0.0.0.0:3061 (Press CTRL+C to quit)
2025-12-09 12:24:17 -08:00: INFO:     Shutting down
2025-12-09 12:24:17 -08:00: INFO:     Waiting for application shutdown.
2025-12-09 12:24:17 -08:00: INFO:     Application shutdown complete.
2025-12-09 12:24:17 -08:00: INFO:     Finished server process [25365]
2025-12-09 12:24:17 -08:00: INFO:     Started server process [25378]
2025-12-09 12:24:17 -08:00: INFO:     Waiting for application startup.
2025-12-09 12:24:18 -08:00: INFO:     Application startup complete.
2025-12-09 12:24:18 -08:00: INFO:     Uvicorn running on http://0.0.0.0:3061 (Press CTRL+C to quit)
2025-12-09 13:09:53 -08:00: INFO:     Shutting down
2025-12-09 13:09:54 -08:00: INFO:     Waiting for application shutdown.
2025-12-09 13:09:54 -08:00: INFO:     Application shutdown complete.
2025-12-09 13:09:54 -08:00: INFO:     Finished server process [25378]
2025-12-09 13:09:54 -08:00: INFO:     Started server process [26790]
2025-12-09 13:09:54 -08:00: INFO:     Waiting for application startup.
2025-12-09 13:09:55 -08:00: INFO:     Application startup complete.
2025-12-09 13:09:55 -08:00: INFO:     Uvicorn running on http://0.0.0.0:3061 (Press CTRL+C to quit)
2025-12-09 13:09:55 -08:00: INFO:     Shutting down
2025-12-09 13:09:55 -08:00: INFO:     Waiting for application shutdown.
2025-12-09 13:09:55 -08:00: INFO:     Application shutdown complete.
2025-12-09 13:09:55 -08:00: INFO:     Finished server process [26790]
2025-12-09 13:09:56 -08:00: INFO:     Started server process [26805]
2025-12-09 13:09:56 -08:00: INFO:     Waiting for application startup.
2025-12-09 13:09:56 -08:00: INFO:     Application startup complete.
2025-12-09 13:09:56 -08:00: INFO:     Uvicorn running on http://0.0.0.0:3061 (Press CTRL+C to quit)
2025-12-09 13:29:02 -08:00: INFO:     Shutting down
2025-12-09 13:29:02 -08:00: INFO:     Waiting for application shutdown.
2025-12-09 13:29:02 -08:00: INFO:     Application shutdown complete.
2025-12-09 13:29:02 -08:00: INFO:     Finished server process [26805]
2025-12-09 13:29:02 -08:00: INFO:     Started server process [27397]
2025-12-09 13:29:02 -08:00: INFO:     Waiting for application startup.
2025-12-09 13:29:03 -08:00: INFO:     Application startup complete.
2025-12-09 13:29:03 -08:00: INFO:     Uvicorn running on http://0.0.0.0:3061 (Press CTRL+C to quit)
2025-12-09 13:36:33 -08:00: INFO:     Shutting down
2025-12-09 13:36:33 -08:00: INFO:     Waiting for application shutdown.
2025-12-09 13:36:33 -08:00: INFO:     Application shutdown complete.
2025-12-09 13:36:33 -08:00: INFO:     Finished server process [27397]
2025-12-09 13:36:33 -08:00: INFO:     Started server process [27646]
2025-12-09 13:36:33 -08:00: INFO:     Waiting for application startup.
2025-12-09 13:36:34 -08:00: INFO:     Application startup complete.
2025-12-09 13:36:34 -08:00: INFO:     Uvicorn running on http://0.0.0.0:3061 (Press CTRL+C to quit)
2025-12-09 13:36:34 -08:00: INFO:     Shutting down
2025-12-09 13:36:34 -08:00: INFO:     Waiting for application shutdown.
2025-12-09 13:36:34 -08:00: INFO:     Application shutdown complete.
2025-12-09 13:36:34 -08:00: INFO:     Finished server process [27646]
2025-12-09 13:36:35 -08:00: INFO:     Started server process [27661]
2025-12-09 13:36:35 -08:00: INFO:     Waiting for application startup.
2025-12-09 13:36:35 -08:00: INFO:     Application startup complete.
2025-12-09 13:36:35 -08:00: INFO:     Uvicorn running on http://0.0.0.0:3061 (Press CTRL+C to quit)
2025-12-09 13:36:38 -08:00: INFO:     Shutting down
2025-12-09 13:36:38 -08:00: INFO:     Waiting for application shutdown.
2025-12-09 13:36:38 -08:00: INFO:     Application shutdown complete.
2025-12-09 13:36:38 -08:00: INFO:     Finished server process [27661]
2025-12-09 13:36:39 -08:00: INFO:     Started server process [27678]
2025-12-09 13:36:39 -08:00: INFO:     Waiting for application startup.
2025-12-09 13:36:39 -08:00: INFO:     Application startup complete.
2025-12-09 13:36:39 -08:00: INFO:     Uvicorn running on http://0.0.0.0:3061 (Press CTRL+C to quit)
2025-12-09 13:36:40 -08:00: INFO:     Shutting down
2025-12-09 13:36:40 -08:00: INFO:     Waiting for application shutdown.
2025-12-09 13:36:40 -08:00: INFO:     Application shutdown complete.
2025-12-09 13:36:40 -08:00: INFO:     Finished server process [27678]
2025-12-09 13:36:40 -08:00: INFO:     Started server process [27696]
2025-12-09 13:36:40 -08:00: INFO:     Waiting for application startup.
2025-12-09 13:36:41 -08:00: INFO:     Application startup complete.
2025-12-09 13:36:41 -08:00: INFO:     Uvicorn running on http://0.0.0.0:3061 (Press CTRL+C to quit)
2025-12-09 13:37:10 -08:00: INFO:     Shutting down
2025-12-09 13:37:11 -08:00: INFO:     Waiting for application shutdown.
2025-12-09 13:37:11 -08:00: INFO:     Application shutdown complete.
2025-12-09 13:37:11 -08:00: INFO:     Finished server process [27696]
2025-12-09 13:37:11 -08:00: INFO:     Started server process [27727]
2025-12-09 13:37:11 -08:00: INFO:     Waiting for application startup.
2025-12-09 13:37:11 -08:00: INFO:     Application startup complete.
2025-12-09 13:37:11 -08:00: INFO:     Uvicorn running on http://0.0.0.0:3061 (Press CTRL+C to quit)
2025-12-09 13:37:12 -08:00: INFO:     Shutting down
2025-12-09 13:37:12 -08:00: INFO:     Waiting for application shutdown.
2025-12-09 13:37:12 -08:00: INFO:     Application shutdown complete.
2025-12-09 13:37:12 -08:00: INFO:     Finished server process [27727]
2025-12-09 13:37:12 -08:00: INFO:     Started server process [27740]
2025-12-09 13:37:12 -08:00: INFO:     Waiting for application startup.
2025-12-09 13:37:13 -08:00: INFO:     Application startup complete.
2025-12-09 13:37:13 -08:00: INFO:     Uvicorn running on http://0.0.0.0:3061 (Press CTRL+C to quit)
2025-12-09 13:39:00 -08:00: Traceback (most recent call last):
2025-12-09 13:39:00 -08:00:   File "/Users/kelsorj/Tachyon/pf400_gui/backend/main.py", line 445, in get_teachpoints
2025-12-09 13:39:00 -08:00:     for tp_id, tp_data in teachpoints.items():
2025-12-09 13:39:00 -08:00:                           ^^^^^^^^^^^^^^^^^
2025-12-09 13:39:00 -08:00: AttributeError: 'list' object has no attribute 'items'
2025-12-09 13:39:01 -08:00: Traceback (most recent call last):
2025-12-09 13:39:01 -08:00:   File "/Users/kelsorj/Tachyon/pf400_gui/backend/main.py", line 445, in get_teachpoints
2025-12-09 13:39:01 -08:00:     for tp_id, tp_data in teachpoints.items():
2025-12-09 13:39:01 -08:00:                           ^^^^^^^^^^^^^^^^^
2025-12-09 13:39:01 -08:00: AttributeError: 'list' object has no attribute 'items'
2025-12-09 13:39:56 -08:00: INFO:     Shutting down
2025-12-09 13:39:56 -08:00: INFO:     Waiting for application shutdown.
2025-12-09 13:39:56 -08:00: INFO:     Application shutdown complete.
2025-12-09 13:39:56 -08:00: INFO:     Finished server process [27740]
2025-12-09 13:39:57 -08:00: INFO:     Started server process [27960]
2025-12-09 13:39:57 -08:00: INFO:     Waiting for application startup.
2025-12-09 13:39:58 -08:00: INFO:     Application startup complete.
2025-12-09 13:39:58 -08:00: INFO:     Uvicorn running on http://0.0.0.0:3061 (Press CTRL+C to quit)
2025-12-09 13:39:58 -08:00: INFO:     Shutting down
2025-12-09 13:39:58 -08:00: INFO:     Waiting for application shutdown.
2025-12-09 13:39:58 -08:00: INFO:     Application shutdown complete.
2025-12-09 13:39:58 -08:00: INFO:     Finished server process [27960]
2025-12-09 13:39:58 -08:00: INFO:     Started server process [27975]
2025-12-09 13:39:58 -08:00: INFO:     Waiting for application startup.
2025-12-09 13:39:59 -08:00: INFO:     Application startup complete.
2025-12-09 13:39:59 -08:00: INFO:     Uvicorn running on http://0.0.0.0:3061 (Press CTRL+C to quit)
2025-12-09 13:40:22 -08:00: INFO:     Shutting down
2025-12-09 13:40:23 -08:00: INFO:     Waiting for application shutdown.
2025-12-09 13:40:23 -08:00: INFO:     Application shutdown complete.
2025-12-09 13:40:23 -08:00: INFO:     Finished server process [27975]
2025-12-09 13:40:23 -08:00: INFO:     Started server process [28021]
2025-12-09 13:40:23 -08:00: INFO:     Waiting for application startup.
2025-12-09 13:40:23 -08:00: INFO:     Application startup complete.
2025-12-09 13:40:23 -08:00: INFO:     Uvicorn running on http://0.0.0.0:3061 (Press CTRL+C to quit)
2025-12-09 13:40:24 -08:00: INFO:     Shutting down
2025-12-09 13:40:24 -08:00: INFO:     Waiting for application shutdown.
2025-12-09 13:40:24 -08:00: INFO:     Application shutdown complete.
2025-12-09 13:40:24 -08:00: INFO:     Finished server process [28021]
2025-12-09 13:40:24 -08:00: INFO:     Started server process [28034]
2025-12-09 13:40:24 -08:00: INFO:     Waiting for application startup.
2025-12-09 13:40:25 -08:00: INFO:     Application startup complete.
2025-12-09 13:40:25 -08:00: INFO:     Uvicorn running on http://0.0.0.0:3061 (Press CTRL+C to quit)
2025-12-09 13:40:30 -08:00: INFO:     Shutting down
2025-12-09 13:40:30 -08:00: INFO:     Waiting for application shutdown.
2025-12-09 13:40:30 -08:00: INFO:     Application shutdown complete.
2025-12-09 13:40:30 -08:00: INFO:     Finished server process [28034]
2025-12-09 13:40:30 -08:00: INFO:     Started server process [28088]
2025-12-09 13:40:30 -08:00: INFO:     Waiting for application startup.
2025-12-09 13:40:31 -08:00: INFO:     Application startup complete.
2025-12-09 13:40:31 -08:00: INFO:     Uvicorn running on http://0.0.0.0:3061 (Press CTRL+C to quit)
2025-12-09 13:40:31 -08:00: INFO:     Shutting down
2025-12-09 13:40:31 -08:00: INFO:     Waiting for application shutdown.
2025-12-09 13:40:31 -08:00: INFO:     Application shutdown complete.
2025-12-09 13:40:31 -08:00: INFO:     Finished server process [28088]
2025-12-09 13:40:32 -08:00: INFO:     Started server process [28101]
2025-12-09 13:40:32 -08:00: INFO:     Waiting for application startup.
2025-12-09 13:40:32 -08:00: INFO:     Application startup complete.
2025-12-09 13:40:32 -08:00: INFO:     Uvicorn running on http://0.0.0.0:3061 (Press CTRL+C to quit)
2025-12-09 13:40:37 -08:00: INFO:     Shutting down
2025-12-09 13:40:38 -08:00: INFO:     Waiting for application shutdown.
2025-12-09 13:40:38 -08:00: INFO:     Application shutdown complete.
2025-12-09 13:40:38 -08:00: INFO:     Finished server process [28101]
2025-12-09 13:40:38 -08:00: INFO:     Started server process [28134]
2025-12-09 13:40:38 -08:00: INFO:     Waiting for application startup.
2025-12-09 13:40:38 -08:00: INFO:     Application startup complete.
2025-12-09 13:40:38 -08:00: INFO:     Uvicorn running on http://0.0.0.0:3061 (Press CTRL+C to quit)
2025-12-09 13:40:39 -08:00: INFO:     Shutting down
2025-12-09 13:40:39 -08:00: INFO:     Waiting for application shutdown.
2025-12-09 13:40:39 -08:00: INFO:     Application shutdown complete.
2025-12-09 13:40:39 -08:00: INFO:     Finished server process [28134]
2025-12-09 13:40:39 -08:00: INFO:     Started server process [28155]
2025-12-09 13:40:39 -08:00: INFO:     Waiting for application startup.
2025-12-09 13:40:40 -08:00: INFO:     Application startup complete.
2025-12-09 13:40:40 -08:00: INFO:     Uvicorn running on http://0.0.0.0:3061 (Press CTRL+C to quit)
2025-12-09 13:40:59 -08:00: INFO:     Shutting down
2025-12-09 13:40:59 -08:00: INFO:     Waiting for application shutdown.
2025-12-09 13:40:59 -08:00: INFO:     Application shutdown complete.
2025-12-09 13:40:59 -08:00: INFO:     Finished server process [28155]
2025-12-09 13:40:59 -08:00: INFO:     Started server process [28179]
2025-12-09 13:40:59 -08:00: INFO:     Waiting for application startup.
2025-12-09 13:41:00 -08:00: INFO:     Application startup complete.
2025-12-09 13:41:00 -08:00: INFO:     Uvicorn running on http://0.0.0.0:3061 (Press CTRL+C to quit)
2025-12-09 13:41:00 -08:00: INFO:     Shutting down
2025-12-09 13:41:00 -08:00: INFO:     Waiting for application shutdown.
2025-12-09 13:41:00 -08:00: INFO:     Application shutdown complete.
2025-12-09 13:41:00 -08:00: INFO:     Finished server process [28179]
2025-12-09 13:41:00 -08:00: INFO:     Started server process [28201]
2025-12-09 13:41:00 -08:00: INFO:     Waiting for application startup.
2025-12-09 13:41:01 -08:00: INFO:     Application startup complete.
2025-12-09 13:41:01 -08:00: INFO:     Uvicorn running on http://0.0.0.0:3061 (Press CTRL+C to quit)
2025-12-09 13:41:13 -08:00: INFO:     Shutting down
2025-12-09 13:41:13 -08:00: INFO:     Waiting for application shutdown.
2025-12-09 13:41:13 -08:00: INFO:     Application shutdown complete.
2025-12-09 13:41:13 -08:00: INFO:     Finished server process [28201]
2025-12-09 13:41:13 -08:00: INFO:     Started server process [28223]
2025-12-09 13:41:13 -08:00: INFO:     Waiting for application startup.
2025-12-09 13:41:14 -08:00: INFO:     Application startup complete.
2025-12-09 13:41:14 -08:00: INFO:     Uvicorn running on http://0.0.0.0:3061 (Press CTRL+C to quit)
2025-12-09 13:41:14 -08:00: INFO:     Shutting down
2025-12-09 13:41:14 -08:00: INFO:     Waiting for application shutdown.
2025-12-09 13:41:14 -08:00: INFO:     Application shutdown complete.
2025-12-09 13:41:14 -08:00: INFO:     Finished server process [28223]
2025-12-09 13:41:14 -08:00: INFO:     Started server process [28236]
2025-12-09 13:41:14 -08:00: INFO:     Waiting for application startup.
2025-12-09 13:41:15 -08:00: INFO:     Application startup complete.
2025-12-09 13:41:15 -08:00: INFO:     Uvicorn running on http://0.0.0.0:3061 (Press CTRL+C to quit)
2025-12-09 13:43:21 -08:00: INFO:     Shutting down
2025-12-09 13:43:21 -08:00: INFO:     Waiting for application shutdown.
2025-12-09 13:43:21 -08:00: INFO:     Application shutdown complete.
2025-12-09 13:43:21 -08:00: INFO:     Finished server process [28236]
2025-12-09 13:43:21 -08:00: INFO:     Started server process [28335]
2025-12-09 13:43:21 -08:00: INFO:     Waiting for application startup.
2025-12-09 13:43:22 -08:00: INFO:     Application startup complete.
2025-12-09 13:43:22 -08:00: INFO:     Uvicorn running on http://0.0.0.0:3061 (Press CTRL+C to quit)
2025-12-09 13:44:24 -08:00: INFO:     Shutting down
2025-12-09 13:44:24 -08:00: INFO:     Waiting for application shutdown.
2025-12-09 13:44:24 -08:00: INFO:     Application shutdown complete.
2025-12-09 13:44:24 -08:00: INFO:     Finished server process [28335]
2025-12-09 13:44:24 -08:00: INFO:     Started server process [28462]
2025-12-09 13:44:24 -08:00: INFO:     Waiting for application startup.
2025-12-09 13:44:25 -08:00: INFO:     Application startup complete.
2025-12-09 13:44:25 -08:00: INFO:     Uvicorn running on http://0.0.0.0:3061 (Press CTRL+C to quit)
2025-12-09 13:44:25 -08:00: INFO:     Shutting down
2025-12-09 13:44:25 -08:00: INFO:     Waiting for application shutdown.
2025-12-09 13:44:25 -08:00: INFO:     Application shutdown complete.
2025-12-09 13:44:25 -08:00: INFO:     Finished server process [28462]
2025-12-09 13:44:26 -08:00: INFO:     Started server process [28478]
2025-12-09 13:44:26 -08:00: INFO:     Waiting for application startup.
2025-12-09 13:44:26 -08:00: INFO:     Application startup complete.
2025-12-09 13:44:26 -08:00: INFO:     Uvicorn running on http://0.0.0.0:3061 (Press CTRL+C to quit)
2025-12-09 13:44:46 -08:00: INFO:     Shutting down
2025-12-09 13:44:46 -08:00: INFO:     Waiting for application shutdown.
2025-12-09 13:44:46 -08:00: INFO:     Application shutdown complete.
2025-12-09 13:44:46 -08:00: INFO:     Finished server process [28478]
2025-12-09 13:44:47 -08:00: INFO:     Started server process [28511]
2025-12-09 13:44:47 -08:00: INFO:     Waiting for application startup.
2025-12-09 13:44:47 -08:00: INFO:     Application startup complete.
2025-12-09 13:44:47 -08:00: INFO:     Uvicorn running on http://0.0.0.0:3061 (Press CTRL+C to quit)
2025-12-09 13:44:48 -08:00: INFO:     Shutting down
2025-12-09 13:44:48 -08:00: INFO:     Waiting for application shutdown.
2025-12-09 13:44:48 -08:00: INFO:     Application shutdown complete.
2025-12-09 13:44:48 -08:00: INFO:     Finished server process [28511]
2025-12-09 13:44:48 -08:00: INFO:     Started server process [28526]
2025-12-09 13:44:48 -08:00: INFO:     Waiting for application startup.
2025-12-09 13:44:49 -08:00: INFO:     Application startup complete.
2025-12-09 13:44:49 -08:00: INFO:     Uvicorn running on http://0.0.0.0:3061 (Press CTRL+C to quit)
2025-12-09 13:44:58 -08:00: INFO:     Shutting down
2025-12-09 13:44:58 -08:00: INFO:     Waiting for application shutdown.
2025-12-09 13:44:58 -08:00: INFO:     Application shutdown complete.
2025-12-09 13:44:58 -08:00: INFO:     Finished server process [28526]
2025-12-09 13:44:58 -08:00: INFO:     Started server process [28568]
2025-12-09 13:44:58 -08:00: INFO:     Waiting for application startup.
2025-12-09 13:44:59 -08:00: INFO:     Application startup complete.
2025-12-09 13:44:59 -08:00: INFO:     Uvicorn running on http://0.0.0.0:3061 (Press CTRL+C to quit)
2025-12-09 13:44:59 -08:00: INFO:     Shutting down
2025-12-09 13:44:59 -08:00: INFO:     Waiting for application shutdown.
2025-12-09 13:44:59 -08:00: INFO:     Application shutdown complete.
2025-12-09 13:44:59 -08:00: INFO:     Finished server process [28568]
2025-12-09 13:45:00 -08:00: INFO:     Started server process [28581]
2025-12-09 13:45:00 -08:00: INFO:     Waiting for application startup.
2025-12-09 13:45:00 -08:00: INFO:     Application startup complete.
2025-12-09 13:45:00 -08:00: INFO:     Uvicorn running on http://0.0.0.0:3061 (Press CTRL+C to quit)
2025-12-09 13:45:54 -08:00: INFO:     Shutting down
2025-12-09 13:45:54 -08:00: INFO:     Waiting for application shutdown.
2025-12-09 13:45:54 -08:00: INFO:     Application shutdown complete.
2025-12-09 13:45:54 -08:00: INFO:     Finished server process [28581]
2025-12-09 13:45:54 -08:00: INFO:     Started server process [28678]
2025-12-09 13:45:54 -08:00: INFO:     Waiting for application startup.
2025-12-09 13:45:55 -08:00: INFO:     Application startup complete.
2025-12-09 13:45:55 -08:00: INFO:     Uvicorn running on http://0.0.0.0:3061 (Press CTRL+C to quit)
2025-12-09 13:45:55 -08:00: INFO:     Shutting down
2025-12-09 13:45:55 -08:00: INFO:     Waiting for application shutdown.
2025-12-09 13:45:55 -08:00: INFO:     Application shutdown complete.
2025-12-09 13:45:55 -08:00: INFO:     Finished server process [28678]
2025-12-09 13:45:56 -08:00: INFO:     Started server process [28691]
2025-12-09 13:45:56 -08:00: INFO:     Waiting for application startup.
2025-12-09 13:45:56 -08:00: INFO:     Application startup complete.
2025-12-09 13:45:56 -08:00: INFO:     Uvicorn running on http://0.0.0.0:3061 (Press CTRL+C to quit)
2025-12-09 13:46:15 -08:00: INFO:     Shutting down
2025-12-09 13:46:15 -08:00: INFO:     Waiting for application shutdown.
2025-12-09 13:46:15 -08:00: INFO:     Application shutdown complete.
2025-12-09 13:46:15 -08:00: INFO:     Finished server process [28691]
2025-12-09 13:46:16 -08:00: INFO:     Started server process [28780]
2025-12-09 13:46:16 -08:00: INFO:     Waiting for application startup.
2025-12-09 13:46:16 -08:00: INFO:     Application startup complete.
2025-12-09 13:46:16 -08:00: INFO:     Uvicorn running on http://0.0.0.0:3061 (Press CTRL+C to quit)
2025-12-09 13:46:22 -08:00: INFO:     Shutting down
2025-12-09 13:46:22 -08:00: INFO:     Waiting for application shutdown.
2025-12-09 13:46:22 -08:00: INFO:     Application shutdown complete.
2025-12-09 13:46:22 -08:00: INFO:     Finished server process [28780]
2025-12-09 13:46:23 -08:00: INFO:     Started server process [28812]
2025-12-09 13:46:23 -08:00: INFO:     Waiting for application startup.
2025-12-09 13:46:23 -08:00: INFO:     Application startup complete.
2025-12-09 13:46:23 -08:00: INFO:     Uvicorn running on http://0.0.0.0:3061 (Press CTRL+C to quit)
2025-12-09 13:46:24 -08:00: INFO:     Shutting down
2025-12-09 13:46:24 -08:00: INFO:     Waiting for application shutdown.
2025-12-09 13:46:24 -08:00: INFO:     Application shutdown complete.
2025-12-09 13:46:24 -08:00: INFO:     Finished server process [28812]
2025-12-09 13:46:24 -08:00: INFO:     Started server process [28825]
2025-12-09 13:46:24 -08:00: INFO:     Waiting for application startup.
2025-12-09 13:46:25 -08:00: INFO:     Application startup complete.
2025-12-09 13:46:25 -08:00: INFO:     Uvicorn running on http://0.0.0.0:3061 (Press CTRL+C to quit)
2025-12-09 13:46:45 -08:00: jog_rail called: distance=-0.01m, profile=2
2025-12-09 13:46:45 -08:00: jog_rail: get_joint_positions returned: {'j1': 0.215941, 'j2': 0.005969026041820607, 'j3': 3.140423282990957, 'j4': -3.1405105494535563, 'j5left': 0.0, 'j5right': 0.0, 'gripper': 0.0, 'j6': -0.018736999999999997, 'rail': -0.018736999999999997}
2025-12-09 13:46:45 -08:00: jog_rail: current=-0.018736999999999997m, distance=-0.01m, target=-0.028737m
2025-12-09 13:46:45 -08:00: jog_rail: move_rail returned: False
2025-12-09 13:48:10 -08:00: INFO:     Shutting down
2025-12-09 13:48:10 -08:00: INFO:     Waiting for application shutdown.
2025-12-09 13:48:10 -08:00: INFO:     Application shutdown complete.
2025-12-09 13:48:10 -08:00: INFO:     Finished server process [28825]
2025-12-09 13:48:11 -08:00: INFO:     Started server process [28939]
2025-12-09 13:48:11 -08:00: INFO:     Waiting for application startup.
2025-12-09 13:48:11 -08:00: INFO:     Application startup complete.
2025-12-09 13:48:11 -08:00: INFO:     Uvicorn running on http://0.0.0.0:3061 (Press CTRL+C to quit)
2025-12-09 13:48:12 -08:00: INFO:     Shutting down
2025-12-09 13:48:12 -08:00: INFO:     Waiting for application shutdown.
2025-12-09 13:48:12 -08:00: INFO:     Application shutdown complete.
2025-12-09 13:48:12 -08:00: INFO:     Finished server process [28939]
2025-12-09 13:48:12 -08:00: INFO:     Started server process [28952]
2025-12-09 13:48:12 -08:00: INFO:     Waiting for application startup.
2025-12-09 13:48:12 -08:00: INFO:     Application startup complete.
2025-12-09 13:48:12 -08:00: INFO:     Uvicorn running on http://0.0.0.0:3061 (Press CTRL+C to quit)
2025-12-09 13:48:16 -08:00: INFO:     Shutting down
2025-12-09 13:48:16 -08:00: INFO:     Waiting for application shutdown.
2025-12-09 13:48:16 -08:00: INFO:     Application shutdown complete.
2025-12-09 13:48:16 -08:00: INFO:     Finished server process [28952]
2025-12-09 13:48:16 -08:00: INFO:     Started server process [28969]
2025-12-09 13:48:16 -08:00: INFO:     Waiting for application startup.
2025-12-09 13:48:17 -08:00: INFO:     Application startup complete.
2025-12-09 13:48:17 -08:00: INFO:     Uvicorn running on http://0.0.0.0:3061 (Press CTRL+C to quit)
2025-12-09 13:48:17 -08:00: INFO:     Shutting down
2025-12-09 13:48:18 -08:00: INFO:     Waiting for application shutdown.
2025-12-09 13:48:18 -08:00: INFO:     Application shutdown complete.
2025-12-09 13:48:18 -08:00: INFO:     Finished server process [28969]
2025-12-09 13:48:18 -08:00: INFO:     Started server process [28982]
2025-12-09 13:48:18 -08:00: INFO:     Waiting for application startup.
2025-12-09 13:48:18 -08:00: INFO:     Application startup complete.
2025-12-09 13:48:18 -08:00: INFO:     Uvicorn running on http://0.0.0.0:3061 (Press CTRL+C to quit)
2025-12-09 13:48:39 -08:00: INFO:     Shutting down
2025-12-09 13:48:39 -08:00: INFO:     Waiting for application shutdown.
2025-12-09 13:48:39 -08:00: INFO:     Application shutdown complete.
2025-12-09 13:48:39 -08:00: INFO:     Finished server process [28982]
2025-12-09 13:48:39 -08:00: INFO:     Started server process [29004]
2025-12-09 13:48:39 -08:00: INFO:     Waiting for application startup.
2025-12-09 13:48:40 -08:00: INFO:     Application startup complete.
2025-12-09 13:48:40 -08:00: INFO:     Uvicorn running on http://0.0.0.0:3061 (Press CTRL+C to quit)
2025-12-09 13:48:40 -08:00: INFO:     Shutting down
2025-12-09 13:48:40 -08:00: INFO:     Waiting for application shutdown.
2025-12-09 13:48:40 -08:00: INFO:     Application shutdown complete.
2025-12-09 13:48:40 -08:00: INFO:     Finished server process [29004]
2025-12-09 13:48:40 -08:00: INFO:     Started server process [29023]
2025-12-09 13:48:40 -08:00: INFO:     Waiting for application startup.
2025-12-09 13:48:41 -08:00: INFO:     Application startup complete.
2025-12-09 13:48:41 -08:00: INFO:     Uvicorn running on http://0.0.0.0:3061 (Press CTRL+C to quit)
2025-12-09 13:48:52 -08:00: INFO:     Shutting down
2025-12-09 13:48:52 -08:00: INFO:     Waiting for application shutdown.
2025-12-09 13:48:52 -08:00: INFO:     Application shutdown complete.
2025-12-09 13:48:52 -08:00: INFO:     Finished server process [29023]
2025-12-09 13:48:53 -08:00: INFO:     Started server process [29046]
2025-12-09 13:48:53 -08:00: INFO:     Waiting for application startup.
2025-12-09 13:48:53 -08:00: INFO:     Application startup complete.
2025-12-09 13:48:53 -08:00: INFO:     Uvicorn running on http://0.0.0.0:3061 (Press CTRL+C to quit)
2025-12-09 13:48:54 -08:00: INFO:     Shutting down
2025-12-09 13:48:54 -08:00: INFO:     Waiting for application shutdown.
2025-12-09 13:48:54 -08:00: INFO:     Application shutdown complete.
2025-12-09 13:48:54 -08:00: INFO:     Finished server process [29046]
2025-12-09 13:48:54 -08:00: INFO:     Started server process [29059]
2025-12-09 13:48:54 -08:00: INFO:     Waiting for application startup.
2025-12-09 13:48:55 -08:00: INFO:     Application startup complete.
2025-12-09 13:48:55 -08:00: INFO:     Uvicorn running on http://0.0.0.0:3061 (Press CTRL+C to quit)
2025-12-09 13:54:27 -08:00: jog_rail called: distance=-0.01m, profile=2
2025-12-09 13:54:27 -08:00: jog_rail: get_joint_positions returned: {'j1': 0.21594, 'j2': 0.005969026041820607, 'j3': 3.140423282990957, 'j4': -3.1405105494535563, 'j5left': 0.0, 'j5right': 0.0, 'gripper': 0.0, 'j6': -0.018736999999999997, 'rail': -0.018736999999999997}
2025-12-09 13:54:27 -08:00: jog_rail: current=-0.018736999999999997m, distance=-0.01m, target=-0.028737m
2025-12-09 13:54:27 -08:00: move_rail_raw: Sending rail move: MoveJ 2 215.940 0.342 179.933 -179.938 0.000 -28.737
2025-12-09 13:54:28 -08:00: move_rail_raw: MoveJ (with rail) response: '-1009'
2025-12-09 13:54:28 -08:00: move_rail_raw: Rail move error code: -1009
2025-12-09 13:54:28 -08:00: jog_rail: move_rail returned: False
2025-12-09 13:54:52 -08:00: INFO:     Shutting down
2025-12-09 13:54:52 -08:00: INFO:     Waiting for application shutdown.
2025-12-09 13:54:52 -08:00: INFO:     Application shutdown complete.
2025-12-09 13:54:52 -08:00: INFO:     Finished server process [29059]
2025-12-09 13:54:53 -08:00: INFO:     Started server process [29264]
2025-12-09 13:54:53 -08:00: INFO:     Waiting for application startup.
2025-12-09 13:54:53 -08:00: INFO:     Application startup complete.
2025-12-09 13:54:53 -08:00: INFO:     Uvicorn running on http://0.0.0.0:3061 (Press CTRL+C to quit)
2025-12-09 13:55:02 -08:00: jog_rail called: distance=-0.01m, profile=2
2025-12-09 13:55:02 -08:00: jog_rail: get_joint_positions returned: {'j1': 0.21594, 'j2': 0.005969026041820607, 'j3': 3.140423282990957, 'j4': -3.140493096161037, 'j5left': 0.0, 'j5right': 0.0, 'gripper': 0.0, 'j6': -0.018736999999999997, 'rail': -0.018736999999999997}
2025-12-09 13:55:02 -08:00: jog_rail: current=-0.018736999999999997m, distance=-0.01m, target=-0.028737m
2025-12-09 13:55:02 -08:00: move_rail_raw: Sending rail move: MoveJ 2 215.940 0.342 179.933 -179.937 0.000 -28.737
2025-12-09 13:55:02 -08:00: move_rail_raw: MoveJ (with rail) response: '-1009'
2025-12-09 13:55:02 -08:00: move_rail_raw: Rail move error code: -1009
2025-12-09 13:55:02 -08:00: jog_rail: move_rail returned: False
2025-12-09 13:55:45 -08:00: INFO:     Shutting down
2025-12-09 13:55:45 -08:00: INFO:     Waiting for application shutdown.
2025-12-09 13:55:45 -08:00: INFO:     Application shutdown complete.
2025-12-09 13:55:45 -08:00: INFO:     Finished server process [29264]
2025-12-09 13:55:46 -08:00: INFO:     Started server process [29358]
2025-12-09 13:55:46 -08:00: INFO:     Waiting for application startup.
2025-12-09 13:55:46 -08:00: INFO:     Application startup complete.
2025-12-09 13:55:46 -08:00: INFO:     Uvicorn running on http://0.0.0.0:3061 (Press CTRL+C to quit)
2025-12-09 13:55:47 -08:00: INFO:     Shutting down
2025-12-09 13:55:47 -08:00: INFO:     Waiting for application shutdown.
2025-12-09 13:55:47 -08:00: INFO:     Application shutdown complete.
2025-12-09 13:55:47 -08:00: INFO:     Finished server process [29358]
2025-12-09 13:55:47 -08:00: INFO:     Started server process [29371]
2025-12-09 13:55:47 -08:00: INFO:     Waiting for application startup.
2025-12-09 13:55:48 -08:00: INFO:     Application startup complete.
2025-12-09 13:55:48 -08:00: INFO:     Uvicorn running on http://0.0.0.0:3061 (Press CTRL+C to quit)
2025-12-09 13:56:29 -08:00: INFO:     Shutting down
2025-12-09 13:56:29 -08:00: INFO:     Waiting for application shutdown.
2025-12-09 13:56:29 -08:00: INFO:     Application shutdown complete.
2025-12-09 13:56:29 -08:00: INFO:     Finished server process [29371]
2025-12-09 13:56:29 -08:00: INFO:     Started server process [29397]
2025-12-09 13:56:29 -08:00: INFO:     Waiting for application startup.
2025-12-09 13:56:30 -08:00: INFO:     Application startup complete.
2025-12-09 13:56:30 -08:00: INFO:     Uvicorn running on http://0.0.0.0:3061 (Press CTRL+C to quit)
2025-12-09 13:56:30 -08:00: INFO:     Shutting down
2025-12-09 13:56:30 -08:00: INFO:     Waiting for application shutdown.
2025-12-09 13:56:30 -08:00: INFO:     Application shutdown complete.
2025-12-09 13:56:30 -08:00: INFO:     Finished server process [29397]
2025-12-09 13:56:31 -08:00: INFO:     Started server process [29411]
2025-12-09 13:56:31 -08:00: INFO:     Waiting for application startup.
2025-12-09 13:56:31 -08:00: INFO:     Application startup complete.
2025-12-09 13:56:31 -08:00: INFO:     Uvicorn running on http://0.0.0.0:3061 (Press CTRL+C to quit)
2025-12-09 13:57:21 -08:00: INFO:     Shutting down
2025-12-09 13:57:21 -08:00: INFO:     Waiting for application shutdown.
2025-12-09 13:57:21 -08:00: INFO:     Application shutdown complete.
2025-12-09 13:57:21 -08:00: INFO:     Finished server process [29411]
2025-12-09 13:57:22 -08:00: INFO:     Started server process [29447]
2025-12-09 13:57:22 -08:00: INFO:     Waiting for application startup.
2025-12-09 13:57:22 -08:00: INFO:     Application startup complete.
2025-12-09 13:57:22 -08:00: INFO:     Uvicorn running on http://0.0.0.0:3061 (Press CTRL+C to quit)
2025-12-09 13:57:23 -08:00: INFO:     Shutting down
2025-12-09 13:57:23 -08:00: INFO:     Waiting for application shutdown.
2025-12-09 13:57:23 -08:00: INFO:     Application shutdown complete.
2025-12-09 13:57:23 -08:00: INFO:     Finished server process [29447]
2025-12-09 13:57:23 -08:00: INFO:     Started server process [29463]
2025-12-09 13:57:23 -08:00: INFO:     Waiting for application startup.
2025-12-09 13:57:24 -08:00: INFO:     Application startup complete.
2025-12-09 13:57:24 -08:00: INFO:     Uvicorn running on http://0.0.0.0:3061 (Press CTRL+C to quit)
2025-12-09 13:58:37 -08:00: INFO:     Shutting down
2025-12-09 13:58:37 -08:00: INFO:     Waiting for application shutdown.
2025-12-09 13:58:37 -08:00: INFO:     Application shutdown complete.
2025-12-09 13:58:37 -08:00: INFO:     Finished server process [29463]
2025-12-09 13:58:38 -08:00: INFO:     Started server process [29512]
2025-12-09 13:58:38 -08:00: INFO:     Waiting for application startup.
2025-12-09 13:58:38 -08:00: INFO:     Application startup complete.
2025-12-09 13:58:38 -08:00: INFO:     Uvicorn running on http://0.0.0.0:3061 (Press CTRL+C to quit)
2025-12-09 13:58:39 -08:00: INFO:     Shutting down
2025-12-09 13:58:39 -08:00: INFO:     Waiting for application shutdown.
2025-12-09 13:58:39 -08:00: INFO:     Application shutdown complete.
2025-12-09 13:58:39 -08:00: INFO:     Finished server process [29512]
2025-12-09 13:58:39 -08:00: INFO:     Started server process [29527]
2025-12-09 13:58:39 -08:00: INFO:     Waiting for application startup.
2025-12-09 13:58:40 -08:00: INFO:     Application startup complete.
2025-12-09 13:58:40 -08:00: INFO:     Uvicorn running on http://0.0.0.0:3061 (Press CTRL+C to quit)
2025-12-09 13:58:49 -08:00: INFO:     Shutting down
2025-12-09 13:58:49 -08:00: INFO:     Waiting for application shutdown.
2025-12-09 13:58:49 -08:00: INFO:     Application shutdown complete.
2025-12-09 13:58:49 -08:00: INFO:     Finished server process [29527]
2025-12-09 13:58:50 -08:00: INFO:     Started server process [29554]
2025-12-09 13:58:50 -08:00: INFO:     Waiting for application startup.
2025-12-09 13:58:50 -08:00: INFO:     Application startup complete.
2025-12-09 13:58:50 -08:00: INFO:     Uvicorn running on http://0.0.0.0:3061 (Press CTRL+C to quit)
2025-12-09 13:58:51 -08:00: INFO:     Shutting down
2025-12-09 13:58:51 -08:00: INFO:     Waiting for application shutdown.
2025-12-09 13:58:51 -08:00: INFO:     Application shutdown complete.
2025-12-09 13:58:51 -08:00: INFO:     Finished server process [29554]
2025-12-09 13:58:51 -08:00: INFO:     Started server process [29567]
2025-12-09 13:58:51 -08:00: INFO:     Waiting for application startup.
2025-12-09 13:58:52 -08:00: INFO:     Application startup complete.
2025-12-09 13:58:52 -08:00: INFO:     Uvicorn running on http://0.0.0.0:3061 (Press CTRL+C to quit)
2025-12-09 13:59:03 -08:00: INFO:     Shutting down
2025-12-09 13:59:03 -08:00: INFO:     Waiting for application shutdown.
2025-12-09 13:59:03 -08:00: INFO:     Application shutdown complete.
2025-12-09 13:59:03 -08:00: INFO:     Finished server process [29567]
2025-12-09 13:59:04 -08:00: INFO:     Started server process [29588]
2025-12-09 13:59:04 -08:00: INFO:     Waiting for application startup.
2025-12-09 13:59:04 -08:00: INFO:     Application startup complete.
2025-12-09 13:59:04 -08:00: INFO:     Uvicorn running on http://0.0.0.0:3061 (Press CTRL+C to quit)
2025-12-09 13:59:05 -08:00: INFO:     Shutting down
2025-12-09 13:59:05 -08:00: INFO:     Waiting for application shutdown.
2025-12-09 13:59:05 -08:00: INFO:     Application shutdown complete.
2025-12-09 13:59:05 -08:00: INFO:     Finished server process [29588]
2025-12-09 13:59:05 -08:00: INFO:     Started server process [29601]
2025-12-09 13:59:05 -08:00: INFO:     Waiting for application startup.
2025-12-09 13:59:06 -08:00: INFO:     Application startup complete.
2025-12-09 13:59:06 -08:00: INFO:     Uvicorn running on http://0.0.0.0:3061 (Press CTRL+C to quit)
2025-12-09 14:16:16 -08:00: INFO:     Shutting down
2025-12-09 14:16:16 -08:00: INFO:     Waiting for application shutdown.
2025-12-09 14:16:16 -08:00: INFO:     Application shutdown complete.
2025-12-09 14:16:16 -08:00: INFO:     Finished server process [29601]
2025-12-09 14:16:16 -08:00: INFO:     Started server process [30067]
2025-12-09 14:16:16 -08:00: INFO:     Waiting for application startup.
2025-12-09 14:16:17 -08:00: INFO:     Application startup complete.
2025-12-09 14:16:17 -08:00: INFO:     Uvicorn running on http://0.0.0.0:3061 (Press CTRL+C to quit)
2025-12-09 14:16:17 -08:00: INFO:     Shutting down
2025-12-09 14:16:17 -08:00: INFO:     Waiting for application shutdown.
2025-12-09 14:16:17 -08:00: INFO:     Application shutdown complete.
2025-12-09 14:16:17 -08:00: INFO:     Finished server process [30067]
2025-12-09 14:16:18 -08:00: INFO:     Started server process [30082]
2025-12-09 14:16:18 -08:00: INFO:     Waiting for application startup.
2025-12-09 14:16:18 -08:00: INFO:     Application startup complete.
2025-12-09 14:16:18 -08:00: INFO:     Uvicorn running on http://0.0.0.0:3061 (Press CTRL+C to quit)
